2025-01-20T05:13:02.868398Z 0 [Warning] [MY-011068] [Server] The syntax '--skip-host-cache' is deprecated and will be removed in a future release. Please use SET GLOBAL host_cache_size=0 instead.
2025-01-20T05:13:02.870138Z 0 [Warning] [MY-010918] [Server] 'default_authentication_plugin' is deprecated and will be removed in a future release. Please use authentication_policy instead.
2025-01-20T05:13:02.870167Z 0 [System] [MY-010116] [Server] /usr/sbin/mysqld (mysqld 8.0.40) starting as process 1
2025-01-20T05:13:02.871604Z 0 [Warning] [MY-010159] [Server] Setting lower_case_table_names=2 because file system for /var/lib/mysql/ is case insensitive
2025-01-20T05:13:02.882833Z 1 [System] [MY-013576] [InnoDB] InnoDB initialization has started.
2025-01-20T05:13:02.976409Z 1 [System] [MY-013577] [InnoDB] InnoDB initialization has ended.
2025-01-20T05:13:03.067894Z 0 [Warning] [MY-010068] [Server] CA certificate ca.pem is self signed.
2025-01-20T05:13:03.067953Z 0 [System] [MY-013602] [Server] Channel mysql_main configured to support TLS. Encrypted connections are now supported for this channel.
2025-01-20T05:13:03.069446Z 0 [Warning] [MY-011810] [Server] Insecure configuration for --pid-file: Location '/var/run/mysqld' in the path is accessible to all OS users. Consider choosing a different directory.
2025-01-20T05:13:03.084372Z 0 [System] [MY-011323] [Server] X Plugin ready for connections. Bind-address: '::' port: 33060, socket: /var/run/mysqld/mysqlx.sock
2025-01-20T05:13:03.084433Z 0 [System] [MY-010931] [Server] /usr/sbin/mysqld: ready for connections. Version: '8.0.40'  socket: '/var/run/mysqld/mysqld.sock'  port: 3306  MySQL Community Server - GPL.
2025-01-20T05:13:08.572356Z 8 [Warning] [MY-013360] [Server] Plugin mysql_native_password reported: ''mysql_native_password' is deprecated and will be removed in a future release. Please use caching_sha2_password instead'
2025-01-20T05:17:20.301685Z 0 [System] [MY-013172] [Server] Received SHUTDOWN from user <via user signal>. Shutting down mysqld (Version: 8.0.40).
2025-01-20T05:17:22.304967Z 0 [Warning] [MY-010909] [Server] /usr/sbin/mysqld: Forcing close of thread 21  user: 'laravel_user'.
2025-01-20T05:17:23.706092Z 0 [System] [MY-010910] [Server] /usr/sbin/mysqld: Shutdown complete (mysqld 8.0.40)  MySQL Community Server - GPL.
2025-01-20T05:18:01.401773Z 0 [Warning] [MY-011068] [Server] The syntax '--skip-host-cache' is deprecated and will be removed in a future release. Please use SET GLOBAL host_cache_size=0 instead.
2025-01-20T05:18:01.402563Z 0 [Warning] [MY-010918] [Server] 'default_authentication_plugin' is deprecated and will be removed in a future release. Please use authentication_policy instead.
2025-01-20T05:18:01.402574Z 0 [System] [MY-010116] [Server] /usr/sbin/mysqld (mysqld 8.0.40) starting as process 1
2025-01-20T05:18:01.403650Z 0 [Warning] [MY-010159] [Server] Setting lower_case_table_names=2 because file system for /var/lib/mysql/ is case insensitive
2025-01-20T05:18:01.413407Z 1 [System] [MY-013576] [InnoDB] InnoDB initialization has started.
2025-01-20T05:18:01.507874Z 1 [System] [MY-013577] [InnoDB] InnoDB initialization has ended.
2025-01-20T05:18:01.579453Z 0 [Warning] [MY-010068] [Server] CA certificate ca.pem is self signed.
2025-01-20T05:18:01.579510Z 0 [System] [MY-013602] [Server] Channel mysql_main configured to support TLS. Encrypted connections are now supported for this channel.
2025-01-20T05:18:01.581089Z 0 [Warning] [MY-011810] [Server] Insecure configuration for --pid-file: Location '/var/run/mysqld' in the path is accessible to all OS users. Consider choosing a different directory.
2025-01-20T05:18:01.596788Z 0 [System] [MY-011323] [Server] X Plugin ready for connections. Bind-address: '::' port: 33060, socket: /var/run/mysqld/mysqlx.sock
2025-01-20T05:18:01.596814Z 0 [System] [MY-010931] [Server] /usr/sbin/mysqld: ready for connections. Version: '8.0.40'  socket: '/var/run/mysqld/mysqld.sock'  port: 3306  MySQL Community Server - GPL.
2025-01-20T05:18:07.278849Z 8 [Warning] [MY-013360] [Server] Plugin mysql_native_password reported: ''mysql_native_password' is deprecated and will be removed in a future release. Please use caching_sha2_password instead'
2025-01-20T05:26:45.297946Z 0 [System] [MY-013172] [Server] Received SHUTDOWN from user <via user signal>. Shutting down mysqld (Version: 8.0.40).
2025-01-20T05:26:46.816320Z 0 [System] [MY-010910] [Server] /usr/sbin/mysqld: Shutdown complete (mysqld 8.0.40)  MySQL Community Server - GPL.
2025-01-20T05:26:47.976966Z 0 [Warning] [MY-011068] [Server] The syntax '--skip-host-cache' is deprecated and will be removed in a future release. Please use SET GLOBAL host_cache_size=0 instead.
2025-01-20T05:26:47.977766Z 0 [Warning] [MY-010918] [Server] 'default_authentication_plugin' is deprecated and will be removed in a future release. Please use authentication_policy instead.
2025-01-20T05:26:47.977784Z 0 [System] [MY-010116] [Server] /usr/sbin/mysqld (mysqld 8.0.40) starting as process 1
2025-01-20T05:26:47.978833Z 0 [Warning] [MY-010159] [Server] Setting lower_case_table_names=2 because file system for /var/lib/mysql/ is case insensitive
2025-01-20T05:26:47.982093Z 1 [System] [MY-013576] [InnoDB] InnoDB initialization has started.
2025-01-20T05:26:48.071607Z 1 [System] [MY-013577] [InnoDB] InnoDB initialization has ended.
2025-01-20T05:26:48.199260Z 0 [Warning] [MY-010068] [Server] CA certificate ca.pem is self signed.
2025-01-20T05:26:48.199322Z 0 [System] [MY-013602] [Server] Channel mysql_main configured to support TLS. Encrypted connections are now supported for this channel.
2025-01-20T05:26:48.200636Z 0 [Warning] [MY-011810] [Server] Insecure configuration for --pid-file: Location '/var/run/mysqld' in the path is accessible to all OS users. Consider choosing a different directory.
2025-01-20T05:26:48.217929Z 0 [System] [MY-011323] [Server] X Plugin ready for connections. Bind-address: '::' port: 33060, socket: /var/run/mysqld/mysqlx.sock
2025-01-20T05:26:48.217993Z 0 [System] [MY-010931] [Server] /usr/sbin/mysqld: ready for connections. Version: '8.0.40'  socket: '/var/run/mysqld/mysqld.sock'  port: 3306  MySQL Community Server - GPL.
2025-01-20T05:33:40.761072Z 0 [System] [MY-013172] [Server] Received SHUTDOWN from user <via user signal>. Shutting down mysqld (Version: 8.0.40).
2025-01-20T05:33:41.713321Z 0 [System] [MY-010910] [Server] /usr/sbin/mysqld: Shutdown complete (mysqld 8.0.40)  MySQL Community Server - GPL.
2025-01-20T05:33:50.917283Z 0 [Warning] [MY-011068] [Server] The syntax '--skip-host-cache' is deprecated and will be removed in a future release. Please use SET GLOBAL host_cache_size=0 instead.
2025-01-20T05:33:50.918330Z 0 [Warning] [MY-010918] [Server] 'default_authentication_plugin' is deprecated and will be removed in a future release. Please use authentication_policy instead.
2025-01-20T05:33:50.918342Z 0 [System] [MY-010116] [Server] /usr/sbin/mysqld (mysqld 8.0.40) starting as process 1
2025-01-20T05:33:50.919298Z 0 [Warning] [MY-010159] [Server] Setting lower_case_table_names=2 because file system for /var/lib/mysql/ is case insensitive
2025-01-20T05:33:50.924854Z 1 [System] [MY-013576] [InnoDB] InnoDB initialization has started.
2025-01-20T05:33:51.012640Z 1 [System] [MY-013577] [InnoDB] InnoDB initialization has ended.
2025-01-20T05:33:51.089268Z 0 [Warning] [MY-010068] [Server] CA certificate ca.pem is self signed.
2025-01-20T05:33:51.089328Z 0 [System] [MY-013602] [Server] Channel mysql_main configured to support TLS. Encrypted connections are now supported for this channel.
2025-01-20T05:33:51.090607Z 0 [Warning] [MY-011810] [Server] Insecure configuration for --pid-file: Location '/var/run/mysqld' in the path is accessible to all OS users. Consider choosing a different directory.
2025-01-20T05:33:51.105674Z 0 [System] [MY-011323] [Server] X Plugin ready for connections. Bind-address: '::' port: 33060, socket: /var/run/mysqld/mysqlx.sock
2025-01-20T05:33:51.105691Z 0 [System] [MY-010931] [Server] /usr/sbin/mysqld: ready for connections. Version: '8.0.40'  socket: '/var/run/mysqld/mysqld.sock'  port: 3306  MySQL Community Server - GPL.
2025-01-20T05:34:14.190279Z 8 [Warning] [MY-013360] [Server] Plugin mysql_native_password reported: ''mysql_native_password' is deprecated and will be removed in a future release. Please use caching_sha2_password instead'
2025-01-20T05:35:44.293392Z 0 [System] [MY-013172] [Server] Received SHUTDOWN from user <via user signal>. Shutting down mysqld (Version: 8.0.40).
2025-01-20T05:35:44.926622Z 0 [System] [MY-010910] [Server] /usr/sbin/mysqld: Shutdown complete (mysqld 8.0.40)  MySQL Community Server - GPL.
2025-01-20T05:41:32.799970Z 0 [Warning] [MY-011068] [Server] The syntax '--skip-host-cache' is deprecated and will be removed in a future release. Please use SET GLOBAL host_cache_size=0 instead.
2025-01-20T05:41:32.802164Z 0 [Warning] [MY-010918] [Server] 'default_authentication_plugin' is deprecated and will be removed in a future release. Please use authentication_policy instead.
2025-01-20T05:41:32.802181Z 0 [System] [MY-010116] [Server] /usr/sbin/mysqld (mysqld 8.0.40) starting as process 1
2025-01-20T05:41:32.803811Z 0 [Warning] [MY-010159] [Server] Setting lower_case_table_names=2 because file system for /var/lib/mysql/ is case insensitive
2025-01-20T05:41:32.809709Z 1 [System] [MY-013576] [InnoDB] InnoDB initialization has started.
2025-01-20T05:41:32.901465Z 1 [System] [MY-013577] [InnoDB] InnoDB initialization has ended.
2025-01-20T05:41:33.039235Z 0 [Warning] [MY-010068] [Server] CA certificate ca.pem is self signed.
2025-01-20T05:41:33.039298Z 0 [System] [MY-013602] [Server] Channel mysql_main configured to support TLS. Encrypted connections are now supported for this channel.
2025-01-20T05:41:33.040532Z 0 [Warning] [MY-011810] [Server] Insecure configuration for --pid-file: Location '/var/run/mysqld' in the path is accessible to all OS users. Consider choosing a different directory.
2025-01-20T05:41:33.056467Z 0 [System] [MY-011323] [Server] X Plugin ready for connections. Bind-address: '::' port: 33060, socket: /var/run/mysqld/mysqlx.sock
2025-01-20T05:41:33.056507Z 0 [System] [MY-010931] [Server] /usr/sbin/mysqld: ready for connections. Version: '8.0.40'  socket: '/var/run/mysqld/mysqld.sock'  port: 3306  MySQL Community Server - GPL.
2025-01-20T05:52:52.041899Z 0 [System] [MY-013172] [Server] Received SHUTDOWN from user <via user signal>. Shutting down mysqld (Version: 8.0.40).
2025-01-20T05:52:53.037338Z 0 [System] [MY-010910] [Server] /usr/sbin/mysqld: Shutdown complete (mysqld 8.0.40)  MySQL Community Server - GPL.
2025-01-20T06:06:30.773447Z 0 [Warning] [MY-011068] [Server] The syntax '--skip-host-cache' is deprecated and will be removed in a future release. Please use SET GLOBAL host_cache_size=0 instead.
2025-01-20T06:06:30.774720Z 0 [Warning] [MY-010918] [Server] 'default_authentication_plugin' is deprecated and will be removed in a future release. Please use authentication_policy instead.
2025-01-20T06:06:30.774734Z 0 [System] [MY-010116] [Server] /usr/sbin/mysqld (mysqld 8.0.40) starting as process 1
2025-01-20T06:06:30.775802Z 0 [Warning] [MY-010159] [Server] Setting lower_case_table_names=2 because file system for /var/lib/mysql/ is case insensitive
2025-01-20T06:06:30.783325Z 1 [System] [MY-013576] [InnoDB] InnoDB initialization has started.
2025-01-20T06:06:30.886759Z 1 [System] [MY-013577] [InnoDB] InnoDB initialization has ended.
2025-01-20T06:06:30.981429Z 0 [Warning] [MY-010068] [Server] CA certificate ca.pem is self signed.
2025-01-20T06:06:30.981500Z 0 [System] [MY-013602] [Server] Channel mysql_main configured to support TLS. Encrypted connections are now supported for this channel.
2025-01-20T06:06:30.983071Z 0 [Warning] [MY-011810] [Server] Insecure configuration for --pid-file: Location '/var/run/mysqld' in the path is accessible to all OS users. Consider choosing a different directory.
2025-01-20T06:06:30.997880Z 0 [System] [MY-010931] [Server] /usr/sbin/mysqld: ready for connections. Version: '8.0.40'  socket: '/var/run/mysqld/mysqld.sock'  port: 3306  MySQL Community Server - GPL.
2025-01-20T06:06:30.997899Z 0 [System] [MY-011323] [Server] X Plugin ready for connections. Bind-address: '::' port: 33060, socket: /var/run/mysqld/mysqlx.sock
2025-01-20T06:06:47.729648Z 8 [Warning] [MY-013360] [Server] Plugin mysql_native_password reported: ''mysql_native_password' is deprecated and will be removed in a future release. Please use caching_sha2_password instead'
2025-01-20T06:08:04.621520Z 0 [System] [MY-013172] [Server] Received SHUTDOWN from user <via user signal>. Shutting down mysqld (Version: 8.0.40).
2025-01-20T06:08:05.673793Z 0 [System] [MY-010910] [Server] /usr/sbin/mysqld: Shutdown complete (mysqld 8.0.40)  MySQL Community Server - GPL.
2025-01-20T06:08:10.184101Z 0 [Warning] [MY-011068] [Server] The syntax '--skip-host-cache' is deprecated and will be removed in a future release. Please use SET GLOBAL host_cache_size=0 instead.
2025-01-20T06:08:10.185343Z 0 [Warning] [MY-010918] [Server] 'default_authentication_plugin' is deprecated and will be removed in a future release. Please use authentication_policy instead.
2025-01-20T06:08:10.185357Z 0 [System] [MY-010116] [Server] /usr/sbin/mysqld (mysqld 8.0.40) starting as process 1
2025-01-20T06:08:10.186437Z 0 [Warning] [MY-010159] [Server] Setting lower_case_table_names=2 because file system for /var/lib/mysql/ is case insensitive
2025-01-20T06:08:10.189732Z 1 [System] [MY-013576] [InnoDB] InnoDB initialization has started.
2025-01-20T06:08:10.295582Z 1 [System] [MY-013577] [InnoDB] InnoDB initialization has ended.
2025-01-20T06:08:10.386820Z 0 [Warning] [MY-010068] [Server] CA certificate ca.pem is self signed.
2025-01-20T06:08:10.386884Z 0 [System] [MY-013602] [Server] Channel mysql_main configured to support TLS. Encrypted connections are now supported for this channel.
2025-01-20T06:08:10.388498Z 0 [Warning] [MY-011810] [Server] Insecure configuration for --pid-file: Location '/var/run/mysqld' in the path is accessible to all OS users. Consider choosing a different directory.
2025-01-20T06:08:10.400702Z 0 [System] [MY-011323] [Server] X Plugin ready for connections. Bind-address: '::' port: 33060, socket: /var/run/mysqld/mysqlx.sock
2025-01-20T06:08:10.400719Z 0 [System] [MY-010931] [Server] /usr/sbin/mysqld: ready for connections. Version: '8.0.40'  socket: '/var/run/mysqld/mysqld.sock'  port: 3306  MySQL Community Server - GPL.
2025-01-20T06:10:10.789758Z 0 [System] [MY-013172] [Server] Received SHUTDOWN from user <via user signal>. Shutting down mysqld (Version: 8.0.40).
2025-01-20T06:10:12.207985Z 0 [System] [MY-010910] [Server] /usr/sbin/mysqld: Shutdown complete (mysqld 8.0.40)  MySQL Community Server - GPL.
2025-01-20T06:10:14.690929Z 0 [Warning] [MY-011068] [Server] The syntax '--skip-host-cache' is deprecated and will be removed in a future release. Please use SET GLOBAL host_cache_size=0 instead.
2025-01-20T06:10:14.692305Z 0 [Warning] [MY-010918] [Server] 'default_authentication_plugin' is deprecated and will be removed in a future release. Please use authentication_policy instead.
2025-01-20T06:10:14.692317Z 0 [System] [MY-010116] [Server] /usr/sbin/mysqld (mysqld 8.0.40) starting as process 1
2025-01-20T06:10:14.693401Z 0 [Warning] [MY-010159] [Server] Setting lower_case_table_names=2 because file system for /var/lib/mysql/ is case insensitive
2025-01-20T06:10:14.696677Z 1 [System] [MY-013576] [InnoDB] InnoDB initialization has started.
2025-01-20T06:10:14.813591Z 1 [System] [MY-013577] [InnoDB] InnoDB initialization has ended.
2025-01-20T06:10:14.889376Z 0 [Warning] [MY-010068] [Server] CA certificate ca.pem is self signed.
2025-01-20T06:10:14.889437Z 0 [System] [MY-013602] [Server] Channel mysql_main configured to support TLS. Encrypted connections are now supported for this channel.
2025-01-20T06:10:14.890740Z 0 [Warning] [MY-011810] [Server] Insecure configuration for --pid-file: Location '/var/run/mysqld' in the path is accessible to all OS users. Consider choosing a different directory.
2025-01-20T06:10:14.902735Z 0 [System] [MY-011323] [Server] X Plugin ready for connections. Bind-address: '::' port: 33060, socket: /var/run/mysqld/mysqlx.sock
2025-01-20T06:10:14.902775Z 0 [System] [MY-010931] [Server] /usr/sbin/mysqld: ready for connections. Version: '8.0.40'  socket: '/var/run/mysqld/mysqld.sock'  port: 3306  MySQL Community Server - GPL.
2025-01-20T06:12:05.213995Z 8 [Warning] [MY-013360] [Server] Plugin mysql_native_password reported: ''mysql_native_password' is deprecated and will be removed in a future release. Please use caching_sha2_password instead'
2025-01-20T07:51:53.621397Z 0 [System] [MY-013172] [Server] Received SHUTDOWN from user <via user signal>. Shutting down mysqld (Version: 8.0.40).
2025-01-20T07:51:54.503029Z 0 [System] [MY-010910] [Server] /usr/sbin/mysqld: Shutdown complete (mysqld 8.0.40)  MySQL Community Server - GPL.
2025-01-20T07:51:55.698579Z 0 [Warning] [MY-011068] [Server] The syntax '--skip-host-cache' is deprecated and will be removed in a future release. Please use SET GLOBAL host_cache_size=0 instead.
2025-01-20T07:51:55.701467Z 0 [Warning] [MY-010918] [Server] 'default_authentication_plugin' is deprecated and will be removed in a future release. Please use authentication_policy instead.
2025-01-20T07:51:55.701488Z 0 [System] [MY-010116] [Server] /usr/sbin/mysqld (mysqld 8.0.40) starting as process 1
2025-01-20T07:51:55.702679Z 0 [Warning] [MY-010159] [Server] Setting lower_case_table_names=2 because file system for /var/lib/mysql/ is case insensitive
2025-01-20T07:51:55.706959Z 1 [System] [MY-013576] [InnoDB] InnoDB initialization has started.
2025-01-20T07:51:55.808547Z 1 [System] [MY-013577] [InnoDB] InnoDB initialization has ended.
2025-01-20T07:51:55.897893Z 0 [Warning] [MY-010068] [Server] CA certificate ca.pem is self signed.
2025-01-20T07:51:55.897957Z 0 [System] [MY-013602] [Server] Channel mysql_main configured to support TLS. Encrypted connections are now supported for this channel.
2025-01-20T07:51:55.899518Z 0 [Warning] [MY-011810] [Server] Insecure configuration for --pid-file: Location '/var/run/mysqld' in the path is accessible to all OS users. Consider choosing a different directory.
2025-01-20T07:51:55.915360Z 0 [System] [MY-011323] [Server] X Plugin ready for connections. Bind-address: '::' port: 33060, socket: /var/run/mysqld/mysqlx.sock
2025-01-20T07:51:55.915389Z 0 [System] [MY-010931] [Server] /usr/sbin/mysqld: ready for connections. Version: '8.0.40'  socket: '/var/run/mysqld/mysqld.sock'  port: 3306  MySQL Community Server - GPL.
2025-01-20T07:52:06.125093Z 8 [Warning] [MY-013360] [Server] Plugin mysql_native_password reported: ''mysql_native_password' is deprecated and will be removed in a future release. Please use caching_sha2_password instead'
2025-01-20T07:54:56.188839Z 0 [System] [MY-013172] [Server] Received SHUTDOWN from user <via user signal>. Shutting down mysqld (Version: 8.0.40).
2025-01-20T07:54:56.999407Z 0 [System] [MY-010910] [Server] /usr/sbin/mysqld: Shutdown complete (mysqld 8.0.40)  MySQL Community Server - GPL.
2025-01-20T07:54:57.791703Z 0 [Warning] [MY-011068] [Server] The syntax '--skip-host-cache' is deprecated and will be removed in a future release. Please use SET GLOBAL host_cache_size=0 instead.
2025-01-20T07:54:57.794158Z 0 [Warning] [MY-010918] [Server] 'default_authentication_plugin' is deprecated and will be removed in a future release. Please use authentication_policy instead.
2025-01-20T07:54:57.794176Z 0 [System] [MY-010116] [Server] /usr/sbin/mysqld (mysqld 8.0.40) starting as process 1
2025-01-20T07:54:57.795999Z 0 [Warning] [MY-010159] [Server] Setting lower_case_table_names=2 because file system for /var/lib/mysql/ is case insensitive
2025-01-20T07:54:57.809126Z 1 [System] [MY-013576] [InnoDB] InnoDB initialization has started.
2025-01-20T07:54:57.925212Z 1 [System] [MY-013577] [InnoDB] InnoDB initialization has ended.
2025-01-20T07:54:58.015680Z 0 [Warning] [MY-010068] [Server] CA certificate ca.pem is self signed.
2025-01-20T07:54:58.015756Z 0 [System] [MY-013602] [Server] Channel mysql_main configured to support TLS. Encrypted connections are now supported for this channel.
2025-01-20T07:54:58.017457Z 0 [Warning] [MY-011810] [Server] Insecure configuration for --pid-file: Location '/var/run/mysqld' in the path is accessible to all OS users. Consider choosing a different directory.
2025-01-20T07:54:58.034509Z 0 [System] [MY-011323] [Server] X Plugin ready for connections. Bind-address: '::' port: 33060, socket: /var/run/mysqld/mysqlx.sock
2025-01-20T07:54:58.034592Z 0 [System] [MY-010931] [Server] /usr/sbin/mysqld: ready for connections. Version: '8.0.40'  socket: '/var/run/mysqld/mysqld.sock'  port: 3306  MySQL Community Server - GPL.
2025-01-20T08:15:15.280687Z 8 [Warning] [MY-013360] [Server] Plugin mysql_native_password reported: ''mysql_native_password' is deprecated and will be removed in a future release. Please use caching_sha2_password instead'
2025-01-20T08:23:56.838748Z 0 [System] [MY-013172] [Server] Received SHUTDOWN from user <via user signal>. Shutting down mysqld (Version: 8.0.40).
2025-01-20T08:23:57.879777Z 0 [System] [MY-010910] [Server] /usr/sbin/mysqld: Shutdown complete (mysqld 8.0.40)  MySQL Community Server - GPL.
2025-01-20T08:23:59.056644Z 0 [Warning] [MY-011068] [Server] The syntax '--skip-host-cache' is deprecated and will be removed in a future release. Please use SET GLOBAL host_cache_size=0 instead.
2025-01-20T08:23:59.060494Z 0 [Warning] [MY-010918] [Server] 'default_authentication_plugin' is deprecated and will be removed in a future release. Please use authentication_policy instead.
2025-01-20T08:23:59.060509Z 0 [System] [MY-010116] [Server] /usr/sbin/mysqld (mysqld 8.0.40) starting as process 1
2025-01-20T08:23:59.062132Z 0 [Warning] [MY-010159] [Server] Setting lower_case_table_names=2 because file system for /var/lib/mysql/ is case insensitive
2025-01-20T08:23:59.069053Z 1 [System] [MY-013576] [InnoDB] InnoDB initialization has started.
2025-01-20T08:23:59.179871Z 1 [System] [MY-013577] [InnoDB] InnoDB initialization has ended.
2025-01-20T08:23:59.267381Z 0 [Warning] [MY-010068] [Server] CA certificate ca.pem is self signed.
2025-01-20T08:23:59.267443Z 0 [System] [MY-013602] [Server] Channel mysql_main configured to support TLS. Encrypted connections are now supported for this channel.
2025-01-20T08:23:59.269067Z 0 [Warning] [MY-011810] [Server] Insecure configuration for --pid-file: Location '/var/run/mysqld' in the path is accessible to all OS users. Consider choosing a different directory.
2025-01-20T08:23:59.282978Z 0 [System] [MY-011323] [Server] X Plugin ready for connections. Bind-address: '::' port: 33060, socket: /var/run/mysqld/mysqlx.sock
2025-01-20T08:23:59.283038Z 0 [System] [MY-010931] [Server] /usr/sbin/mysqld: ready for connections. Version: '8.0.40'  socket: '/var/run/mysqld/mysqld.sock'  port: 3306  MySQL Community Server - GPL.
2025-01-20T09:49:11.695156Z 8 [Warning] [MY-013360] [Server] Plugin mysql_native_password reported: ''mysql_native_password' is deprecated and will be removed in a future release. Please use caching_sha2_password instead'
2025-01-23T01:58:36.883044Z 0 [System] [MY-013172] [Server] Received SHUTDOWN from user <via user signal>. Shutting down mysqld (Version: 8.0.40).
2025-01-23T01:58:38.225995Z 0 [System] [MY-010910] [Server] /usr/sbin/mysqld: Shutdown complete (mysqld 8.0.40)  MySQL Community Server - GPL.
2025-01-23T02:03:30.921535Z 0 [Warning] [MY-011068] [Server] The syntax '--skip-host-cache' is deprecated and will be removed in a future release. Please use SET GLOBAL host_cache_size=0 instead.
2025-01-23T02:03:30.925941Z 0 [Warning] [MY-010918] [Server] 'default_authentication_plugin' is deprecated and will be removed in a future release. Please use authentication_policy instead.
2025-01-23T02:03:30.925959Z 0 [System] [MY-010116] [Server] /usr/sbin/mysqld (mysqld 8.0.40) starting as process 1
2025-01-23T02:03:30.930972Z 0 [Warning] [MY-010159] [Server] Setting lower_case_table_names=2 because file system for /var/lib/mysql/ is case insensitive
2025-01-23T02:03:30.945594Z 1 [System] [MY-013576] [InnoDB] InnoDB initialization has started.
2025-01-23T02:03:31.097559Z 1 [System] [MY-013577] [InnoDB] InnoDB initialization has ended.
2025-01-23T02:03:31.290127Z 0 [Warning] [MY-010068] [Server] CA certificate ca.pem is self signed.
2025-01-23T02:03:31.290213Z 0 [System] [MY-013602] [Server] Channel mysql_main configured to support TLS. Encrypted connections are now supported for this channel.
2025-01-23T02:03:31.292450Z 0 [Warning] [MY-011810] [Server] Insecure configuration for --pid-file: Location '/var/run/mysqld' in the path is accessible to all OS users. Consider choosing a different directory.
2025-01-23T02:03:31.304416Z 0 [System] [MY-011323] [Server] X Plugin ready for connections. Bind-address: '::' port: 33060, socket: /var/run/mysqld/mysqlx.sock
2025-01-23T02:03:31.304605Z 0 [System] [MY-010931] [Server] /usr/sbin/mysqld: ready for connections. Version: '8.0.40'  socket: '/var/run/mysqld/mysqld.sock'  port: 3306  MySQL Community Server - GPL.
2025-01-23T02:06:21.575770Z 0 [System] [MY-013172] [Server] Received SHUTDOWN from user <via user signal>. Shutting down mysqld (Version: 8.0.40).
2025-01-23T02:06:23.254912Z 0 [System] [MY-010910] [Server] /usr/sbin/mysqld: Shutdown complete (mysqld 8.0.40)  MySQL Community Server - GPL.
2025-01-23T05:59:21.685311Z 0 [Warning] [MY-011068] [Server] The syntax '--skip-host-cache' is deprecated and will be removed in a future release. Please use SET GLOBAL host_cache_size=0 instead.
2025-01-23T05:59:21.686485Z 0 [Warning] [MY-010918] [Server] 'default_authentication_plugin' is deprecated and will be removed in a future release. Please use authentication_policy instead.
2025-01-23T05:59:21.686527Z 0 [System] [MY-010116] [Server] /usr/sbin/mysqld (mysqld 8.0.40) starting as process 1
2025-01-23T05:59:21.687656Z 0 [Warning] [MY-010159] [Server] Setting lower_case_table_names=2 because file system for /var/lib/mysql/ is case insensitive
2025-01-23T05:59:21.693952Z 1 [System] [MY-013576] [InnoDB] InnoDB initialization has started.
2025-01-23T05:59:21.832128Z 1 [System] [MY-013577] [InnoDB] InnoDB initialization has ended.
2025-01-23T05:59:21.912266Z 0 [Warning] [MY-010068] [Server] CA certificate ca.pem is self signed.
2025-01-23T05:59:21.912318Z 0 [System] [MY-013602] [Server] Channel mysql_main configured to support TLS. Encrypted connections are now supported for this channel.
2025-01-23T05:59:21.913611Z 0 [Warning] [MY-011810] [Server] Insecure configuration for --pid-file: Location '/var/run/mysqld' in the path is accessible to all OS users. Consider choosing a different directory.
2025-01-23T05:59:21.928261Z 0 [System] [MY-011323] [Server] X Plugin ready for connections. Bind-address: '::' port: 33060, socket: /var/run/mysqld/mysqlx.sock
2025-01-23T05:59:21.928303Z 0 [System] [MY-010931] [Server] /usr/sbin/mysqld: ready for connections. Version: '8.0.40'  socket: '/var/run/mysqld/mysqld.sock'  port: 3306  MySQL Community Server - GPL.
2025-01-23T06:03:43.681350Z 0 [System] [MY-013172] [Server] Received SHUTDOWN from user <via user signal>. Shutting down mysqld (Version: 8.0.40).
2025-01-23T06:03:44.998843Z 0 [System] [MY-010910] [Server] /usr/sbin/mysqld: Shutdown complete (mysqld 8.0.40)  MySQL Community Server - GPL.
2025-01-23T06:03:50.529833Z 0 [Warning] [MY-011068] [Server] The syntax '--skip-host-cache' is deprecated and will be removed in a future release. Please use SET GLOBAL host_cache_size=0 instead.
2025-01-23T06:03:50.530907Z 0 [Warning] [MY-010918] [Server] 'default_authentication_plugin' is deprecated and will be removed in a future release. Please use authentication_policy instead.
2025-01-23T06:03:50.530967Z 0 [System] [MY-010116] [Server] /usr/sbin/mysqld (mysqld 8.0.40) starting as process 1
2025-01-23T06:03:50.532266Z 0 [Warning] [MY-010159] [Server] Setting lower_case_table_names=2 because file system for /var/lib/mysql/ is case insensitive
2025-01-23T06:03:50.540635Z 1 [System] [MY-013576] [InnoDB] InnoDB initialization has started.
2025-01-23T06:03:50.647932Z 1 [System] [MY-013577] [InnoDB] InnoDB initialization has ended.
2025-01-23T06:03:50.711971Z 0 [Warning] [MY-010068] [Server] CA certificate ca.pem is self signed.
2025-01-23T06:03:50.712026Z 0 [System] [MY-013602] [Server] Channel mysql_main configured to support TLS. Encrypted connections are now supported for this channel.
2025-01-23T06:03:50.713257Z 0 [Warning] [MY-011810] [Server] Insecure configuration for --pid-file: Location '/var/run/mysqld' in the path is accessible to all OS users. Consider choosing a different directory.
2025-01-23T06:03:50.724169Z 0 [System] [MY-011323] [Server] X Plugin ready for connections. Bind-address: '::' port: 33060, socket: /var/run/mysqld/mysqlx.sock
2025-01-23T06:03:50.724210Z 0 [System] [MY-010931] [Server] /usr/sbin/mysqld: ready for connections. Version: '8.0.40'  socket: '/var/run/mysqld/mysqld.sock'  port: 3306  MySQL Community Server - GPL.
2025-01-23T06:08:19.070902Z 0 [System] [MY-013172] [Server] Received SHUTDOWN from user <via user signal>. Shutting down mysqld (Version: 8.0.40).
2025-01-23T06:08:19.934090Z 0 [System] [MY-010910] [Server] /usr/sbin/mysqld: Shutdown complete (mysqld 8.0.40)  MySQL Community Server - GPL.
2025-01-23T06:08:25.097783Z 0 [Warning] [MY-011068] [Server] The syntax '--skip-host-cache' is deprecated and will be removed in a future release. Please use SET GLOBAL host_cache_size=0 instead.
2025-01-23T06:08:25.098936Z 0 [Warning] [MY-010918] [Server] 'default_authentication_plugin' is deprecated and will be removed in a future release. Please use authentication_policy instead.
2025-01-23T06:08:25.098949Z 0 [System] [MY-010116] [Server] /usr/sbin/mysqld (mysqld 8.0.40) starting as process 1
2025-01-23T06:08:25.099963Z 0 [Warning] [MY-010159] [Server] Setting lower_case_table_names=2 because file system for /var/lib/mysql/ is case insensitive
2025-01-23T06:08:25.103572Z 1 [System] [MY-013576] [InnoDB] InnoDB initialization has started.
2025-01-23T06:08:25.186123Z 1 [System] [MY-013577] [InnoDB] InnoDB initialization has ended.
2025-01-23T06:08:25.244464Z 0 [Warning] [MY-010068] [Server] CA certificate ca.pem is self signed.
2025-01-23T06:08:25.244517Z 0 [System] [MY-013602] [Server] Channel mysql_main configured to support TLS. Encrypted connections are now supported for this channel.
2025-01-23T06:08:25.245741Z 0 [Warning] [MY-011810] [Server] Insecure configuration for --pid-file: Location '/var/run/mysqld' in the path is accessible to all OS users. Consider choosing a different directory.
2025-01-23T06:08:25.254142Z 0 [System] [MY-011323] [Server] X Plugin ready for connections. Bind-address: '::' port: 33060, socket: /var/run/mysqld/mysqlx.sock
2025-01-23T06:08:25.254167Z 0 [System] [MY-010931] [Server] /usr/sbin/mysqld: ready for connections. Version: '8.0.40'  socket: '/var/run/mysqld/mysqld.sock'  port: 3306  MySQL Community Server - GPL.
2025-01-23T06:08:34.071918Z 8 [Warning] [MY-013360] [Server] Plugin mysql_native_password reported: ''mysql_native_password' is deprecated and will be removed in a future release. Please use caching_sha2_password instead'
2025-01-23T06:36:54.898253Z 0 [System] [MY-013172] [Server] Received SHUTDOWN from user <via user signal>. Shutting down mysqld (Version: 8.0.40).
2025-01-23T06:36:55.938890Z 0 [System] [MY-010910] [Server] /usr/sbin/mysqld: Shutdown complete (mysqld 8.0.40)  MySQL Community Server - GPL.
2025-01-27T00:55:29.686096Z 0 [Warning] [MY-011068] [Server] The syntax '--skip-host-cache' is deprecated and will be removed in a future release. Please use SET GLOBAL host_cache_size=0 instead.
2025-01-27T00:55:29.687496Z 0 [Warning] [MY-010918] [Server] 'default_authentication_plugin' is deprecated and will be removed in a future release. Please use authentication_policy instead.
2025-01-27T00:55:29.687513Z 0 [System] [MY-010116] [Server] /usr/sbin/mysqld (mysqld 8.0.40) starting as process 1
2025-01-27T00:55:29.689296Z 0 [Warning] [MY-010159] [Server] Setting lower_case_table_names=2 because file system for /var/lib/mysql/ is case insensitive
2025-01-27T00:55:29.696218Z 1 [System] [MY-013576] [InnoDB] InnoDB initialization has started.
2025-01-27T00:55:29.801762Z 1 [System] [MY-013577] [InnoDB] InnoDB initialization has ended.
2025-01-27T00:55:29.878148Z 0 [Warning] [MY-010068] [Server] CA certificate ca.pem is self signed.
2025-01-27T00:55:29.878225Z 0 [System] [MY-013602] [Server] Channel mysql_main configured to support TLS. Encrypted connections are now supported for this channel.
2025-01-27T00:55:29.879657Z 0 [Warning] [MY-011810] [Server] Insecure configuration for --pid-file: Location '/var/run/mysqld' in the path is accessible to all OS users. Consider choosing a different directory.
2025-01-27T00:55:29.889753Z 0 [System] [MY-011323] [Server] X Plugin ready for connections. Bind-address: '::' port: 33060, socket: /var/run/mysqld/mysqlx.sock
2025-01-27T00:55:29.889796Z 0 [System] [MY-010931] [Server] /usr/sbin/mysqld: ready for connections. Version: '8.0.40'  socket: '/var/run/mysqld/mysqld.sock'  port: 3306  MySQL Community Server - GPL.
2025-01-27T00:55:32.398412Z 0 [System] [MY-013172] [Server] Received SHUTDOWN from user <via user signal>. Shutting down mysqld (Version: 8.0.40).
2025-01-27T00:55:33.371318Z 0 [System] [MY-010910] [Server] /usr/sbin/mysqld: Shutdown complete (mysqld 8.0.40)  MySQL Community Server - GPL.
2025-01-27T00:55:35.065179Z 0 [Warning] [MY-011068] [Server] The syntax '--skip-host-cache' is deprecated and will be removed in a future release. Please use SET GLOBAL host_cache_size=0 instead.
2025-01-27T00:55:35.065802Z 0 [Warning] [MY-010918] [Server] 'default_authentication_plugin' is deprecated and will be removed in a future release. Please use authentication_policy instead.
2025-01-27T00:55:35.065813Z 0 [System] [MY-010116] [Server] /usr/sbin/mysqld (mysqld 8.0.40) starting as process 1
2025-01-27T00:55:35.066772Z 0 [Warning] [MY-010159] [Server] Setting lower_case_table_names=2 because file system for /var/lib/mysql/ is case insensitive
2025-01-27T00:55:35.069521Z 1 [System] [MY-013576] [InnoDB] InnoDB initialization has started.
2025-01-27T00:55:35.168866Z 1 [System] [MY-013577] [InnoDB] InnoDB initialization has ended.
2025-01-27T00:55:35.231519Z 0 [Warning] [MY-010068] [Server] CA certificate ca.pem is self signed.
2025-01-27T00:55:35.231594Z 0 [System] [MY-013602] [Server] Channel mysql_main configured to support TLS. Encrypted connections are now supported for this channel.
2025-01-27T00:55:35.234292Z 0 [Warning] [MY-011810] [Server] Insecure configuration for --pid-file: Location '/var/run/mysqld' in the path is accessible to all OS users. Consider choosing a different directory.
2025-01-27T00:55:35.242340Z 0 [System] [MY-011323] [Server] X Plugin ready for connections. Bind-address: '::' port: 33060, socket: /var/run/mysqld/mysqlx.sock
2025-01-27T00:55:35.242359Z 0 [System] [MY-010931] [Server] /usr/sbin/mysqld: ready for connections. Version: '8.0.40'  socket: '/var/run/mysqld/mysqld.sock'  port: 3306  MySQL Community Server - GPL.
2025-01-27T00:55:43.293599Z 8 [Warning] [MY-013360] [Server] Plugin mysql_native_password reported: ''mysql_native_password' is deprecated and will be removed in a future release. Please use caching_sha2_password instead'
2025-01-27T04:38:31.000457Z 0 [System] [MY-013172] [Server] Received SHUTDOWN from user <via user signal>. Shutting down mysqld (Version: 8.0.40).
2025-01-27T04:38:31.693482Z 0 [System] [MY-010910] [Server] /usr/sbin/mysqld: Shutdown complete (mysqld 8.0.40)  MySQL Community Server - GPL.
2025-01-27T08:00:34.529038Z 0 [Warning] [MY-011068] [Server] The syntax '--skip-host-cache' is deprecated and will be removed in a future release. Please use SET GLOBAL host_cache_size=0 instead.
2025-01-27T08:00:34.529980Z 0 [Warning] [MY-010918] [Server] 'default_authentication_plugin' is deprecated and will be removed in a future release. Please use authentication_policy instead.
2025-01-27T08:00:34.529993Z 0 [System] [MY-010116] [Server] /usr/sbin/mysqld (mysqld 8.0.40) starting as process 1
2025-01-27T08:00:34.532022Z 0 [Warning] [MY-010159] [Server] Setting lower_case_table_names=2 because file system for /var/lib/mysql/ is case insensitive
2025-01-27T08:00:34.536934Z 1 [System] [MY-013576] [InnoDB] InnoDB initialization has started.
2025-01-27T08:00:34.637739Z 1 [System] [MY-013577] [InnoDB] InnoDB initialization has ended.
2025-01-27T08:00:34.778422Z 0 [Warning] [MY-010068] [Server] CA certificate ca.pem is self signed.
2025-01-27T08:00:34.778479Z 0 [System] [MY-013602] [Server] Channel mysql_main configured to support TLS. Encrypted connections are now supported for this channel.
2025-01-27T08:00:34.779882Z 0 [Warning] [MY-011810] [Server] Insecure configuration for --pid-file: Location '/var/run/mysqld' in the path is accessible to all OS users. Consider choosing a different directory.
2025-01-27T08:00:34.788726Z 0 [System] [MY-011323] [Server] X Plugin ready for connections. Bind-address: '::' port: 33060, socket: /var/run/mysqld/mysqlx.sock
2025-01-27T08:00:34.788760Z 0 [System] [MY-010931] [Server] /usr/sbin/mysqld: ready for connections. Version: '8.0.40'  socket: '/var/run/mysqld/mysqld.sock'  port: 3306  MySQL Community Server - GPL.
2025-01-27T08:00:39.810503Z 8 [Warning] [MY-013360] [Server] Plugin mysql_native_password reported: ''mysql_native_password' is deprecated and will be removed in a future release. Please use caching_sha2_password instead'
2025-01-29T03:51:52.378582Z 0 [Warning] [MY-011068] [Server] The syntax '--skip-host-cache' is deprecated and will be removed in a future release. Please use SET GLOBAL host_cache_size=0 instead.
2025-01-29T03:51:52.379680Z 0 [Warning] [MY-010918] [Server] 'default_authentication_plugin' is deprecated and will be removed in a future release. Please use authentication_policy instead.
2025-01-29T03:51:52.379699Z 0 [System] [MY-010116] [Server] /usr/sbin/mysqld (mysqld 8.0.40) starting as process 1
2025-01-29T03:51:52.380716Z 0 [Warning] [MY-010159] [Server] Setting lower_case_table_names=2 because file system for /var/lib/mysql/ is case insensitive
2025-01-29T03:51:52.386892Z 1 [System] [MY-013576] [InnoDB] InnoDB initialization has started.
2025-01-29T03:51:52.441229Z 1 [ERROR] [MY-013879] [InnoDB] The redo log file ./#innodb_redo/#ib_redo14 comes from other data directory than redo log file ./#innodb_redo/#ib_redo10.
2025-01-29T03:51:52.441293Z 1 [ERROR] [MY-012930] [InnoDB] Plugin initialization aborted with error Generic error.
2025-01-29T03:51:52.909879Z 1 [ERROR] [MY-010334] [Server] Failed to initialize DD Storage Engine
2025-01-29T03:51:52.910491Z 0 [ERROR] [MY-010020] [Server] Data Dictionary initialization failed.
2025-01-29T03:51:52.910787Z 0 [ERROR] [MY-010119] [Server] Aborting
2025-01-29T03:51:52.911906Z 0 [System] [MY-010910] [Server] /usr/sbin/mysqld: Shutdown complete (mysqld 8.0.40)  MySQL Community Server - GPL.
2025-01-29T03:53:52.754172Z 0 [Warning] [MY-011068] [Server] The syntax '--skip-host-cache' is deprecated and will be removed in a future release. Please use SET GLOBAL host_cache_size=0 instead.
2025-01-29T03:53:52.755254Z 0 [Warning] [MY-010918] [Server] 'default_authentication_plugin' is deprecated and will be removed in a future release. Please use authentication_policy instead.
2025-01-29T03:53:52.755267Z 0 [System] [MY-010116] [Server] /usr/sbin/mysqld (mysqld 8.0.40) starting as process 1
2025-01-29T03:53:52.756426Z 0 [Warning] [MY-010159] [Server] Setting lower_case_table_names=2 because file system for /var/lib/mysql/ is case insensitive
2025-01-29T03:53:52.760537Z 1 [System] [MY-013576] [InnoDB] InnoDB initialization has started.
2025-01-29T03:53:52.813854Z 1 [ERROR] [MY-013879] [InnoDB] The redo log file ./#innodb_redo/#ib_redo14 comes from other data directory than redo log file ./#innodb_redo/#ib_redo10.
2025-01-29T03:53:52.813921Z 1 [ERROR] [MY-012930] [InnoDB] Plugin initialization aborted with error Generic error.
2025-01-29T03:53:53.294454Z 1 [ERROR] [MY-010334] [Server] Failed to initialize DD Storage Engine
2025-01-29T03:53:53.296019Z 0 [ERROR] [MY-010020] [Server] Data Dictionary initialization failed.
2025-01-29T03:53:53.296453Z 0 [ERROR] [MY-010119] [Server] Aborting
2025-01-29T03:53:53.298164Z 0 [System] [MY-010910] [Server] /usr/sbin/mysqld: Shutdown complete (mysqld 8.0.40)  MySQL Community Server - GPL.
2025-01-29T03:54:18.587333Z 0 [Warning] [MY-011068] [Server] The syntax '--skip-host-cache' is deprecated and will be removed in a future release. Please use SET GLOBAL host_cache_size=0 instead.
2025-01-29T03:54:18.588028Z 0 [Warning] [MY-010918] [Server] 'default_authentication_plugin' is deprecated and will be removed in a future release. Please use authentication_policy instead.
2025-01-29T03:54:18.588037Z 0 [System] [MY-010116] [Server] /usr/sbin/mysqld (mysqld 8.0.40) starting as process 1
2025-01-29T03:54:18.589104Z 0 [Warning] [MY-010159] [Server] Setting lower_case_table_names=2 because file system for /var/lib/mysql/ is case insensitive
2025-01-29T03:54:18.592098Z 1 [System] [MY-013576] [InnoDB] InnoDB initialization has started.
2025-01-29T03:54:18.622728Z 1 [ERROR] [MY-013879] [InnoDB] The redo log file ./#innodb_redo/#ib_redo14 comes from other data directory than redo log file ./#innodb_redo/#ib_redo10.
2025-01-29T03:54:18.622777Z 1 [ERROR] [MY-012930] [InnoDB] Plugin initialization aborted with error Generic error.
2025-01-29T03:54:19.111955Z 1 [ERROR] [MY-010334] [Server] Failed to initialize DD Storage Engine
2025-01-29T03:54:19.112669Z 0 [ERROR] [MY-010020] [Server] Data Dictionary initialization failed.
2025-01-29T03:54:19.112914Z 0 [ERROR] [MY-010119] [Server] Aborting
2025-01-29T03:54:19.114176Z 0 [System] [MY-010910] [Server] /usr/sbin/mysqld: Shutdown complete (mysqld 8.0.40)  MySQL Community Server - GPL.
2025-01-29T03:54:42.024144Z 0 [Warning] [MY-011068] [Server] The syntax '--skip-host-cache' is deprecated and will be removed in a future release. Please use SET GLOBAL host_cache_size=0 instead.
2025-01-29T03:54:42.025306Z 0 [Warning] [MY-010918] [Server] 'default_authentication_plugin' is deprecated and will be removed in a future release. Please use authentication_policy instead.
2025-01-29T03:54:42.025322Z 0 [System] [MY-010116] [Server] /usr/sbin/mysqld (mysqld 8.0.40) starting as process 1
2025-01-29T03:54:42.026698Z 0 [Warning] [MY-010159] [Server] Setting lower_case_table_names=2 because file system for /var/lib/mysql/ is case insensitive
2025-01-29T03:54:42.032923Z 1 [System] [MY-013576] [InnoDB] InnoDB initialization has started.
2025-01-29T03:54:42.086340Z 1 [ERROR] [MY-013879] [InnoDB] The redo log file ./#innodb_redo/#ib_redo14 comes from other data directory than redo log file ./#innodb_redo/#ib_redo10.
2025-01-29T03:54:42.086404Z 1 [ERROR] [MY-012930] [InnoDB] Plugin initialization aborted with error Generic error.
2025-01-29T03:54:42.561635Z 1 [ERROR] [MY-010334] [Server] Failed to initialize DD Storage Engine
2025-01-29T03:54:42.562297Z 0 [ERROR] [MY-010020] [Server] Data Dictionary initialization failed.
2025-01-29T03:54:42.562583Z 0 [ERROR] [MY-010119] [Server] Aborting
2025-01-29T03:54:42.564024Z 0 [System] [MY-010910] [Server] /usr/sbin/mysqld: Shutdown complete (mysqld 8.0.40)  MySQL Community Server - GPL.
2025-01-29T03:54:53.307780Z 0 [Warning] [MY-011068] [Server] The syntax '--skip-host-cache' is deprecated and will be removed in a future release. Please use SET GLOBAL host_cache_size=0 instead.
2025-01-29T03:54:53.308486Z 0 [Warning] [MY-010918] [Server] 'default_authentication_plugin' is deprecated and will be removed in a future release. Please use authentication_policy instead.
2025-01-29T03:54:53.308493Z 0 [System] [MY-010116] [Server] /usr/sbin/mysqld (mysqld 8.0.40) starting as process 1
2025-01-29T03:54:53.309445Z 0 [Warning] [MY-010159] [Server] Setting lower_case_table_names=2 because file system for /var/lib/mysql/ is case insensitive
2025-01-29T03:54:53.312454Z 1 [System] [MY-013576] [InnoDB] InnoDB initialization has started.
2025-01-29T03:54:53.340690Z 1 [ERROR] [MY-013879] [InnoDB] The redo log file ./#innodb_redo/#ib_redo14 comes from other data directory than redo log file ./#innodb_redo/#ib_redo10.
2025-01-29T03:54:53.340750Z 1 [ERROR] [MY-012930] [InnoDB] Plugin initialization aborted with error Generic error.
2025-01-29T03:54:53.829771Z 1 [ERROR] [MY-010334] [Server] Failed to initialize DD Storage Engine
2025-01-29T03:54:53.830375Z 0 [ERROR] [MY-010020] [Server] Data Dictionary initialization failed.
2025-01-29T03:54:53.830597Z 0 [ERROR] [MY-010119] [Server] Aborting
2025-01-29T03:54:53.831884Z 0 [System] [MY-010910] [Server] /usr/sbin/mysqld: Shutdown complete (mysqld 8.0.40)  MySQL Community Server - GPL.
2025-01-29T03:54:56.856599Z 0 [Warning] [MY-011068] [Server] The syntax '--skip-host-cache' is deprecated and will be removed in a future release. Please use SET GLOBAL host_cache_size=0 instead.
2025-01-29T03:54:56.857325Z 0 [Warning] [MY-010918] [Server] 'default_authentication_plugin' is deprecated and will be removed in a future release. Please use authentication_policy instead.
2025-01-29T03:54:56.857338Z 0 [System] [MY-010116] [Server] /usr/sbin/mysqld (mysqld 8.0.40) starting as process 1
2025-01-29T03:54:56.858500Z 0 [Warning] [MY-010159] [Server] Setting lower_case_table_names=2 because file system for /var/lib/mysql/ is case insensitive
2025-01-29T03:54:56.862053Z 1 [System] [MY-013576] [InnoDB] InnoDB initialization has started.
2025-01-29T03:54:56.895921Z 1 [ERROR] [MY-013879] [InnoDB] The redo log file ./#innodb_redo/#ib_redo14 comes from other data directory than redo log file ./#innodb_redo/#ib_redo10.
2025-01-29T03:54:56.895988Z 1 [ERROR] [MY-012930] [InnoDB] Plugin initialization aborted with error Generic error.
2025-01-29T03:54:57.383672Z 1 [ERROR] [MY-010334] [Server] Failed to initialize DD Storage Engine
2025-01-29T03:54:57.384452Z 0 [ERROR] [MY-010020] [Server] Data Dictionary initialization failed.
2025-01-29T03:54:57.384773Z 0 [ERROR] [MY-010119] [Server] Aborting
2025-01-29T03:54:57.386245Z 0 [System] [MY-010910] [Server] /usr/sbin/mysqld: Shutdown complete (mysqld 8.0.40)  MySQL Community Server - GPL.
2025-01-29T03:54:59.845723Z 0 [Warning] [MY-011068] [Server] The syntax '--skip-host-cache' is deprecated and will be removed in a future release. Please use SET GLOBAL host_cache_size=0 instead.
2025-01-29T03:54:59.846495Z 0 [Warning] [MY-010918] [Server] 'default_authentication_plugin' is deprecated and will be removed in a future release. Please use authentication_policy instead.
2025-01-29T03:54:59.846502Z 0 [System] [MY-010116] [Server] /usr/sbin/mysqld (mysqld 8.0.40) starting as process 1
2025-01-29T03:54:59.847498Z 0 [Warning] [MY-010159] [Server] Setting lower_case_table_names=2 because file system for /var/lib/mysql/ is case insensitive
2025-01-29T03:54:59.850475Z 1 [System] [MY-013576] [InnoDB] InnoDB initialization has started.
2025-01-29T03:54:59.875851Z 1 [ERROR] [MY-013879] [InnoDB] The redo log file ./#innodb_redo/#ib_redo14 comes from other data directory than redo log file ./#innodb_redo/#ib_redo10.
2025-01-29T03:54:59.875913Z 1 [ERROR] [MY-012930] [InnoDB] Plugin initialization aborted with error Generic error.
2025-01-29T03:55:00.372627Z 1 [ERROR] [MY-010334] [Server] Failed to initialize DD Storage Engine
2025-01-29T03:55:00.373221Z 0 [ERROR] [MY-010020] [Server] Data Dictionary initialization failed.
2025-01-29T03:55:00.373455Z 0 [ERROR] [MY-010119] [Server] Aborting
2025-01-29T03:55:00.374755Z 0 [System] [MY-010910] [Server] /usr/sbin/mysqld: Shutdown complete (mysqld 8.0.40)  MySQL Community Server - GPL.
2025-01-29T03:55:34.913500Z 0 [Warning] [MY-011068] [Server] The syntax '--skip-host-cache' is deprecated and will be removed in a future release. Please use SET GLOBAL host_cache_size=0 instead.
2025-01-29T03:55:34.914234Z 0 [Warning] [MY-010918] [Server] 'default_authentication_plugin' is deprecated and will be removed in a future release. Please use authentication_policy instead.
2025-01-29T03:55:34.914241Z 0 [System] [MY-010116] [Server] /usr/sbin/mysqld (mysqld 8.0.40) starting as process 1
2025-01-29T03:55:34.915210Z 0 [Warning] [MY-010159] [Server] Setting lower_case_table_names=2 because file system for /var/lib/mysql/ is case insensitive
2025-01-29T03:55:34.918198Z 1 [System] [MY-013576] [InnoDB] InnoDB initialization has started.
2025-01-29T03:55:34.954951Z 1 [ERROR] [MY-013879] [InnoDB] The redo log file ./#innodb_redo/#ib_redo14 comes from other data directory than redo log file ./#innodb_redo/#ib_redo10.
2025-01-29T03:55:34.955023Z 1 [ERROR] [MY-012930] [InnoDB] Plugin initialization aborted with error Generic error.
2025-01-29T03:55:35.437736Z 1 [ERROR] [MY-010334] [Server] Failed to initialize DD Storage Engine
2025-01-29T03:55:35.438482Z 0 [ERROR] [MY-010020] [Server] Data Dictionary initialization failed.
2025-01-29T03:55:35.438804Z 0 [ERROR] [MY-010119] [Server] Aborting
2025-01-29T03:55:35.441257Z 0 [System] [MY-010910] [Server] /usr/sbin/mysqld: Shutdown complete (mysqld 8.0.40)  MySQL Community Server - GPL.
2025-01-29T03:55:39.346030Z 0 [Warning] [MY-011068] [Server] The syntax '--skip-host-cache' is deprecated and will be removed in a future release. Please use SET GLOBAL host_cache_size=0 instead.
2025-01-29T03:55:39.346893Z 0 [Warning] [MY-010918] [Server] 'default_authentication_plugin' is deprecated and will be removed in a future release. Please use authentication_policy instead.
2025-01-29T03:55:39.346902Z 0 [System] [MY-010116] [Server] /usr/sbin/mysqld (mysqld 8.0.40) starting as process 1
2025-01-29T03:55:39.347847Z 0 [Warning] [MY-010159] [Server] Setting lower_case_table_names=2 because file system for /var/lib/mysql/ is case insensitive
2025-01-29T03:55:39.350691Z 1 [System] [MY-013576] [InnoDB] InnoDB initialization has started.
2025-01-29T03:55:39.377171Z 1 [ERROR] [MY-013879] [InnoDB] The redo log file ./#innodb_redo/#ib_redo14 comes from other data directory than redo log file ./#innodb_redo/#ib_redo10.
2025-01-29T03:55:39.377231Z 1 [ERROR] [MY-012930] [InnoDB] Plugin initialization aborted with error Generic error.
2025-01-29T03:55:39.870657Z 1 [ERROR] [MY-010334] [Server] Failed to initialize DD Storage Engine
2025-01-29T03:55:39.871340Z 0 [ERROR] [MY-010020] [Server] Data Dictionary initialization failed.
2025-01-29T03:55:39.871606Z 0 [ERROR] [MY-010119] [Server] Aborting
2025-01-29T03:55:39.873049Z 0 [System] [MY-010910] [Server] /usr/sbin/mysqld: Shutdown complete (mysqld 8.0.40)  MySQL Community Server - GPL.
2025-01-29T03:56:24.748856Z 0 [Warning] [MY-011068] [Server] The syntax '--skip-host-cache' is deprecated and will be removed in a future release. Please use SET GLOBAL host_cache_size=0 instead.
2025-01-29T03:56:24.749614Z 0 [Warning] [MY-010918] [Server] 'default_authentication_plugin' is deprecated and will be removed in a future release. Please use authentication_policy instead.
2025-01-29T03:56:24.749628Z 0 [System] [MY-010116] [Server] /usr/sbin/mysqld (mysqld 8.0.40) starting as process 1
2025-01-29T03:56:24.750593Z 0 [Warning] [MY-010159] [Server] Setting lower_case_table_names=2 because file system for /var/lib/mysql/ is case insensitive
2025-01-29T03:56:24.753717Z 1 [System] [MY-013576] [InnoDB] InnoDB initialization has started.
2025-01-29T03:56:24.797510Z 1 [ERROR] [MY-013879] [InnoDB] The redo log file ./#innodb_redo/#ib_redo14 comes from other data directory than redo log file ./#innodb_redo/#ib_redo10.
2025-01-29T03:56:24.797598Z 1 [ERROR] [MY-012930] [InnoDB] Plugin initialization aborted with error Generic error.
2025-01-29T03:56:25.276283Z 1 [ERROR] [MY-010334] [Server] Failed to initialize DD Storage Engine
2025-01-29T03:56:25.276995Z 0 [ERROR] [MY-010020] [Server] Data Dictionary initialization failed.
2025-01-29T03:56:25.277253Z 0 [ERROR] [MY-010119] [Server] Aborting
2025-01-29T03:56:25.278482Z 0 [System] [MY-010910] [Server] /usr/sbin/mysqld: Shutdown complete (mysqld 8.0.40)  MySQL Community Server - GPL.
2025-01-29T03:57:25.443937Z 0 [Warning] [MY-011068] [Server] The syntax '--skip-host-cache' is deprecated and will be removed in a future release. Please use SET GLOBAL host_cache_size=0 instead.
2025-01-29T03:57:25.445092Z 0 [Warning] [MY-010918] [Server] 'default_authentication_plugin' is deprecated and will be removed in a future release. Please use authentication_policy instead.
2025-01-29T03:57:25.445105Z 0 [System] [MY-010116] [Server] /usr/sbin/mysqld (mysqld 8.0.40) starting as process 1
2025-01-29T03:57:25.446470Z 0 [Warning] [MY-010159] [Server] Setting lower_case_table_names=2 because file system for /var/lib/mysql/ is case insensitive
2025-01-29T03:57:25.450696Z 1 [System] [MY-013576] [InnoDB] InnoDB initialization has started.
2025-01-29T03:57:25.505848Z 1 [ERROR] [MY-013879] [InnoDB] The redo log file ./#innodb_redo/#ib_redo14 comes from other data directory than redo log file ./#innodb_redo/#ib_redo10.
2025-01-29T03:57:25.505911Z 1 [ERROR] [MY-012930] [InnoDB] Plugin initialization aborted with error Generic error.
2025-01-29T03:57:25.978702Z 1 [ERROR] [MY-010334] [Server] Failed to initialize DD Storage Engine
2025-01-29T03:57:25.979225Z 0 [ERROR] [MY-010020] [Server] Data Dictionary initialization failed.
2025-01-29T03:57:25.979393Z 0 [ERROR] [MY-010119] [Server] Aborting
2025-01-29T03:57:25.980300Z 0 [System] [MY-010910] [Server] /usr/sbin/mysqld: Shutdown complete (mysqld 8.0.40)  MySQL Community Server - GPL.
2025-01-29T03:57:51.031056Z 0 [Warning] [MY-011068] [Server] The syntax '--skip-host-cache' is deprecated and will be removed in a future release. Please use SET GLOBAL host_cache_size=0 instead.
2025-01-29T03:57:51.033499Z 0 [Warning] [MY-010918] [Server] 'default_authentication_plugin' is deprecated and will be removed in a future release. Please use authentication_policy instead.
2025-01-29T03:57:51.033509Z 0 [System] [MY-010116] [Server] /usr/sbin/mysqld (mysqld 8.0.40) starting as process 1
2025-01-29T03:57:51.034487Z 0 [Warning] [MY-010159] [Server] Setting lower_case_table_names=2 because file system for /var/lib/mysql/ is case insensitive
2025-01-29T03:57:51.039603Z 1 [System] [MY-013576] [InnoDB] InnoDB initialization has started.
2025-01-29T03:57:51.109654Z 1 [ERROR] [MY-013879] [InnoDB] The redo log file ./#innodb_redo/#ib_redo14 comes from other data directory than redo log file ./#innodb_redo/#ib_redo10.
2025-01-29T03:57:51.109710Z 1 [ERROR] [MY-012930] [InnoDB] Plugin initialization aborted with error Generic error.
2025-01-29T03:57:51.572036Z 1 [ERROR] [MY-010334] [Server] Failed to initialize DD Storage Engine
2025-01-29T03:57:51.572707Z 0 [ERROR] [MY-010020] [Server] Data Dictionary initialization failed.
2025-01-29T03:57:51.572939Z 0 [ERROR] [MY-010119] [Server] Aborting
2025-01-29T03:57:51.574257Z 0 [System] [MY-010910] [Server] /usr/sbin/mysqld: Shutdown complete (mysqld 8.0.40)  MySQL Community Server - GPL.
2025-01-29T03:58:59.608366Z 0 [Warning] [MY-011068] [Server] The syntax '--skip-host-cache' is deprecated and will be removed in a future release. Please use SET GLOBAL host_cache_size=0 instead.
2025-01-29T03:58:59.610019Z 0 [Warning] [MY-010918] [Server] 'default_authentication_plugin' is deprecated and will be removed in a future release. Please use authentication_policy instead.
2025-01-29T03:58:59.610058Z 0 [System] [MY-010116] [Server] /usr/sbin/mysqld (mysqld 8.0.40) starting as process 1
2025-01-29T03:58:59.611735Z 0 [Warning] [MY-010159] [Server] Setting lower_case_table_names=2 because file system for /var/lib/mysql/ is case insensitive
2025-01-29T03:58:59.616027Z 1 [System] [MY-013576] [InnoDB] InnoDB initialization has started.
2025-01-29T03:58:59.670232Z 1 [ERROR] [MY-013879] [InnoDB] The redo log file ./#innodb_redo/#ib_redo14 comes from other data directory than redo log file ./#innodb_redo/#ib_redo10.
2025-01-29T03:58:59.670292Z 1 [ERROR] [MY-012930] [InnoDB] Plugin initialization aborted with error Generic error.
2025-01-29T03:59:00.143979Z 1 [ERROR] [MY-010334] [Server] Failed to initialize DD Storage Engine
2025-01-29T03:59:00.144720Z 0 [ERROR] [MY-010020] [Server] Data Dictionary initialization failed.
2025-01-29T03:59:00.144911Z 0 [ERROR] [MY-010119] [Server] Aborting
2025-01-29T03:59:00.146195Z 0 [System] [MY-010910] [Server] /usr/sbin/mysqld: Shutdown complete (mysqld 8.0.40)  MySQL Community Server - GPL.
2025-01-29T03:59:46.610607Z 0 [Warning] [MY-011068] [Server] The syntax '--skip-host-cache' is deprecated and will be removed in a future release. Please use SET GLOBAL host_cache_size=0 instead.
2025-01-29T03:59:46.610639Z 0 [Warning] [MY-010918] [Server] 'default_authentication_plugin' is deprecated and will be removed in a future release. Please use authentication_policy instead.
2025-01-29T03:59:46.610650Z 0 [System] [MY-013169] [Server] /usr/sbin/mysqld (mysqld 8.0.40) initializing of server in progress as process 80
2025-01-29T03:59:46.612076Z 0 [Warning] [MY-010159] [Server] Setting lower_case_table_names=2 because file system for /var/lib/mysql/ is case insensitive
2025-01-29T03:59:46.614871Z 1 [System] [MY-013576] [InnoDB] InnoDB initialization has started.
2025-01-29T03:59:46.831008Z 1 [System] [MY-013577] [InnoDB] InnoDB initialization has ended.
2025-01-29T03:59:47.346377Z 6 [Warning] [MY-010453] [Server] root@localhost is created with an empty password ! Please consider switching off the --initialize-insecure option.
2025-01-29T03:59:47.395560Z 6 [Warning] [MY-013360] [Server] Plugin mysql_native_password reported: ''mysql_native_password' is deprecated and will be removed in a future release. Please use caching_sha2_password instead'
2025-01-29T03:59:49.002408Z 0 [Warning] [MY-011068] [Server] The syntax '--skip-host-cache' is deprecated and will be removed in a future release. Please use SET GLOBAL host_cache_size=0 instead.
2025-01-29T03:59:49.003790Z 0 [Warning] [MY-010918] [Server] 'default_authentication_plugin' is deprecated and will be removed in a future release. Please use authentication_policy instead.
2025-01-29T03:59:49.003804Z 0 [System] [MY-010116] [Server] /usr/sbin/mysqld (mysqld 8.0.40) starting as process 124
2025-01-29T03:59:49.005280Z 0 [Warning] [MY-010159] [Server] Setting lower_case_table_names=2 because file system for /var/lib/mysql/ is case insensitive
2025-01-29T03:59:49.011357Z 1 [System] [MY-013576] [InnoDB] InnoDB initialization has started.
2025-01-29T03:59:49.121112Z 1 [System] [MY-013577] [InnoDB] InnoDB initialization has ended.
2025-01-29T03:59:49.200991Z 0 [Warning] [MY-010068] [Server] CA certificate ca.pem is self signed.
2025-01-29T03:59:49.201044Z 0 [System] [MY-013602] [Server] Channel mysql_main configured to support TLS. Encrypted connections are now supported for this channel.
2025-01-29T03:59:49.202709Z 0 [Warning] [MY-011810] [Server] Insecure configuration for --pid-file: Location '/var/run/mysqld' in the path is accessible to all OS users. Consider choosing a different directory.
2025-01-29T03:59:49.208992Z 0 [System] [MY-011323] [Server] X Plugin ready for connections. Socket: /var/run/mysqld/mysqlx.sock
2025-01-29T03:59:49.209042Z 0 [System] [MY-010931] [Server] /usr/sbin/mysqld: ready for connections. Version: '8.0.40'  socket: '/var/run/mysqld/mysqld.sock'  port: 0  MySQL Community Server - GPL.
2025-01-29T03:59:49.223555Z 8 [Warning] [MY-013360] [Server] Plugin mysql_native_password reported: ''mysql_native_password' is deprecated and will be removed in a future release. Please use caching_sha2_password instead'
2025-01-29T03:59:49.899004Z 13 [System] [MY-013172] [Server] Received SHUTDOWN from user root. Shutting down mysqld (Version: 8.0.40).
2025-01-29T03:59:50.800569Z 0 [System] [MY-010910] [Server] /usr/sbin/mysqld: Shutdown complete (mysqld 8.0.40)  MySQL Community Server - GPL.
2025-01-29T03:59:51.054299Z 0 [Warning] [MY-011068] [Server] The syntax '--skip-host-cache' is deprecated and will be removed in a future release. Please use SET GLOBAL host_cache_size=0 instead.
2025-01-29T03:59:51.055011Z 0 [Warning] [MY-010918] [Server] 'default_authentication_plugin' is deprecated and will be removed in a future release. Please use authentication_policy instead.
2025-01-29T03:59:51.055019Z 0 [System] [MY-010116] [Server] /usr/sbin/mysqld (mysqld 8.0.40) starting as process 1
2025-01-29T03:59:51.055979Z 0 [Warning] [MY-010159] [Server] Setting lower_case_table_names=2 because file system for /var/lib/mysql/ is case insensitive
2025-01-29T03:59:51.058773Z 1 [System] [MY-013576] [InnoDB] InnoDB initialization has started.
2025-01-29T03:59:51.129839Z 1 [System] [MY-013577] [InnoDB] InnoDB initialization has ended.
2025-01-29T03:59:51.186934Z 0 [Warning] [MY-010068] [Server] CA certificate ca.pem is self signed.
2025-01-29T03:59:51.186989Z 0 [System] [MY-013602] [Server] Channel mysql_main configured to support TLS. Encrypted connections are now supported for this channel.
2025-01-29T03:59:51.188378Z 0 [Warning] [MY-011810] [Server] Insecure configuration for --pid-file: Location '/var/run/mysqld' in the path is accessible to all OS users. Consider choosing a different directory.
2025-01-29T03:59:51.195630Z 0 [System] [MY-011323] [Server] X Plugin ready for connections. Bind-address: '::' port: 33060, socket: /var/run/mysqld/mysqlx.sock
2025-01-29T03:59:51.195655Z 0 [System] [MY-010931] [Server] /usr/sbin/mysqld: ready for connections. Version: '8.0.40'  socket: '/var/run/mysqld/mysqld.sock'  port: 3306  MySQL Community Server - GPL.
2025-01-29T04:02:49.384399Z 8 [Warning] [MY-013360] [Server] Plugin mysql_native_password reported: ''mysql_native_password' is deprecated and will be removed in a future release. Please use caching_sha2_password instead'
